<?xml version="1.0" encoding="UTF-8"?>
<testsuite xmlns:xsi="http://www.w3.org/2001/XMLSchema-instance" xsi:noNamespaceSchemaLocation="https://maven.apache.org/surefire/maven-surefire-plugin/xsd/surefire-test-report.xsd" name="FileManagerTest" time="0.445" tests="2" errors="0" skipped="0" failures="0">
  <properties>
    <property name="java.specification.version" value="17"/>
    <property name="sun.cpu.isalist" value="amd64"/>
    <property name="sun.jnu.encoding" value="Cp1252"/>
    <property name="java.class.path" value="C:\Users\aguas\Desktop\ISCTE\3Ano\2Semestre\ES\LEI4-GrupoB\target\test-classes;C:\Users\aguas\Desktop\ISCTE\3Ano\2Semestre\ES\LEI4-GrupoB\target\classes;C:\Users\aguas\.m2\repository\junit\junit\3.8.1\junit-3.8.1.jar;C:\Users\aguas\.m2\repository\com\fasterxml\jackson\core\jackson-databind\2.14.2\jackson-databind-2.14.2.jar;C:\Users\aguas\.m2\repository\com\fasterxml\jackson\core\jackson-annotations\2.14.2\jackson-annotations-2.14.2.jar;C:\Users\aguas\.m2\repository\com\fasterxml\jackson\core\jackson-core\2.14.2\jackson-core-2.14.2.jar;C:\Users\aguas\.m2\repository\com\fasterxml\jackson\dataformat\jackson-dataformat-csv\2.14.2\jackson-dataformat-csv-2.14.2.jar;C:\Users\aguas\.m2\repository\com\opencsv\opencsv\5.7.1\opencsv-5.7.1.jar;C:\Users\aguas\.m2\repository\org\apache\commons\commons-lang3\3.12.0\commons-lang3-3.12.0.jar;C:\Users\aguas\.m2\repository\org\apache\commons\commons-text\1.10.0\commons-text-1.10.0.jar;C:\Users\aguas\.m2\repository\commons-beanutils\commons-beanutils\1.9.4\commons-beanutils-1.9.4.jar;C:\Users\aguas\.m2\repository\commons-logging\commons-logging\1.2\commons-logging-1.2.jar;C:\Users\aguas\.m2\repository\commons-collections\commons-collections\3.2.2\commons-collections-3.2.2.jar;C:\Users\aguas\.m2\repository\org\apache\commons\commons-collections4\4.4\commons-collections4-4.4.jar;C:\Users\aguas\.m2\repository\org\junit\jupiter\junit-jupiter\5.9.2\junit-jupiter-5.9.2.jar;C:\Users\aguas\.m2\repository\org\junit\jupiter\junit-jupiter-api\5.9.2\junit-jupiter-api-5.9.2.jar;C:\Users\aguas\.m2\repository\org\opentest4j\opentest4j\1.2.0\opentest4j-1.2.0.jar;C:\Users\aguas\.m2\repository\org\junit\platform\junit-platform-commons\1.9.2\junit-platform-commons-1.9.2.jar;C:\Users\aguas\.m2\repository\org\apiguardian\apiguardian-api\1.1.2\apiguardian-api-1.1.2.jar;C:\Users\aguas\.m2\repository\org\junit\jupiter\junit-jupiter-params\5.9.2\junit-jupiter-params-5.9.2.jar;C:\Users\aguas\.m2\repository\org\junit\jupiter\junit-jupiter-engine\5.9.2\junit-jupiter-engine-5.9.2.jar;C:\Users\aguas\.m2\repository\org\junit\platform\junit-platform-engine\1.9.2\junit-platform-engine-1.9.2.jar;C:\Users\aguas\.m2\repository\javax\servlet\javax.servlet-api\4.0.1\javax.servlet-api-4.0.1.jar;C:\Users\aguas\.m2\repository\org\webjars\npm\fullcalendar\6.1.4\fullcalendar-6.1.4.jar;C:\Users\aguas\.m2\repository\org\webjars\npm\fullcalendar__multimonth\6.1.4\fullcalendar__multimonth-6.1.4.jar;C:\Users\aguas\.m2\repository\org\webjars\npm\fullcalendar__timegrid\6.1.4\fullcalendar__timegrid-6.1.4.jar;C:\Users\aguas\.m2\repository\org\webjars\npm\fullcalendar__list\6.1.4\fullcalendar__list-6.1.4.jar;C:\Users\aguas\.m2\repository\org\webjars\npm\fullcalendar__core\6.1.4\fullcalendar__core-6.1.4.jar;C:\Users\aguas\.m2\repository\org\webjars\npm\preact\10.11.3\preact-10.11.3.jar;C:\Users\aguas\.m2\repository\org\webjars\npm\fullcalendar__daygrid\6.1.4\fullcalendar__daygrid-6.1.4.jar;C:\Users\aguas\.m2\repository\org\webjars\npm\fullcalendar__interaction\6.1.4\fullcalendar__interaction-6.1.4.jar;C:\Users\aguas\.m2\repository\com\google\code\gson\gson\2.10.1\gson-2.10.1.jar;"/>
    <property name="java.vm.vendor" value="Oracle Corporation"/>
    <property name="sun.arch.data.model" value="64"/>
    <property name="user.variant" value=""/>
    <property name="java.vendor.url" value="https://java.oracle.com/"/>
    <property name="user.timezone" value="Europe/Lisbon"/>
    <property name="os.name" value="Windows 10"/>
    <property name="java.vm.specification.version" value="17"/>
    <property name="sun.java.launcher" value="SUN_STANDARD"/>
    <property name="user.country" value="PT"/>
    <property name="sun.boot.library.path" value="C:\Program Files\Java\jdk-17.0.2\bin"/>
    <property name="sun.java.command" value="C:\Users\aguas\AppData\Local\Temp\surefire10546834371536560012\surefirebooter6965935800555934601.jar C:\Users\aguas\AppData\Local\Temp\surefire10546834371536560012 2023-05-07T00-28-42_229-jvmRun1 surefire5737292834589982796tmp surefire_017847982185135552405tmp"/>
    <property name="jdk.debug" value="release"/>
    <property name="surefire.test.class.path" value="C:\Users\aguas\Desktop\ISCTE\3Ano\2Semestre\ES\LEI4-GrupoB\target\test-classes;C:\Users\aguas\Desktop\ISCTE\3Ano\2Semestre\ES\LEI4-GrupoB\target\classes;C:\Users\aguas\.m2\repository\junit\junit\3.8.1\junit-3.8.1.jar;C:\Users\aguas\.m2\repository\com\fasterxml\jackson\core\jackson-databind\2.14.2\jackson-databind-2.14.2.jar;C:\Users\aguas\.m2\repository\com\fasterxml\jackson\core\jackson-annotations\2.14.2\jackson-annotations-2.14.2.jar;C:\Users\aguas\.m2\repository\com\fasterxml\jackson\core\jackson-core\2.14.2\jackson-core-2.14.2.jar;C:\Users\aguas\.m2\repository\com\fasterxml\jackson\dataformat\jackson-dataformat-csv\2.14.2\jackson-dataformat-csv-2.14.2.jar;C:\Users\aguas\.m2\repository\com\opencsv\opencsv\5.7.1\opencsv-5.7.1.jar;C:\Users\aguas\.m2\repository\org\apache\commons\commons-lang3\3.12.0\commons-lang3-3.12.0.jar;C:\Users\aguas\.m2\repository\org\apache\commons\commons-text\1.10.0\commons-text-1.10.0.jar;C:\Users\aguas\.m2\repository\commons-beanutils\commons-beanutils\1.9.4\commons-beanutils-1.9.4.jar;C:\Users\aguas\.m2\repository\commons-logging\commons-logging\1.2\commons-logging-1.2.jar;C:\Users\aguas\.m2\repository\commons-collections\commons-collections\3.2.2\commons-collections-3.2.2.jar;C:\Users\aguas\.m2\repository\org\apache\commons\commons-collections4\4.4\commons-collections4-4.4.jar;C:\Users\aguas\.m2\repository\org\junit\jupiter\junit-jupiter\5.9.2\junit-jupiter-5.9.2.jar;C:\Users\aguas\.m2\repository\org\junit\jupiter\junit-jupiter-api\5.9.2\junit-jupiter-api-5.9.2.jar;C:\Users\aguas\.m2\repository\org\opentest4j\opentest4j\1.2.0\opentest4j-1.2.0.jar;C:\Users\aguas\.m2\repository\org\junit\platform\junit-platform-commons\1.9.2\junit-platform-commons-1.9.2.jar;C:\Users\aguas\.m2\repository\org\apiguardian\apiguardian-api\1.1.2\apiguardian-api-1.1.2.jar;C:\Users\aguas\.m2\repository\org\junit\jupiter\junit-jupiter-params\5.9.2\junit-jupiter-params-5.9.2.jar;C:\Users\aguas\.m2\repository\org\junit\jupiter\junit-jupiter-engine\5.9.2\junit-jupiter-engine-5.9.2.jar;C:\Users\aguas\.m2\repository\org\junit\platform\junit-platform-engine\1.9.2\junit-platform-engine-1.9.2.jar;C:\Users\aguas\.m2\repository\javax\servlet\javax.servlet-api\4.0.1\javax.servlet-api-4.0.1.jar;C:\Users\aguas\.m2\repository\org\webjars\npm\fullcalendar\6.1.4\fullcalendar-6.1.4.jar;C:\Users\aguas\.m2\repository\org\webjars\npm\fullcalendar__multimonth\6.1.4\fullcalendar__multimonth-6.1.4.jar;C:\Users\aguas\.m2\repository\org\webjars\npm\fullcalendar__timegrid\6.1.4\fullcalendar__timegrid-6.1.4.jar;C:\Users\aguas\.m2\repository\org\webjars\npm\fullcalendar__list\6.1.4\fullcalendar__list-6.1.4.jar;C:\Users\aguas\.m2\repository\org\webjars\npm\fullcalendar__core\6.1.4\fullcalendar__core-6.1.4.jar;C:\Users\aguas\.m2\repository\org\webjars\npm\preact\10.11.3\preact-10.11.3.jar;C:\Users\aguas\.m2\repository\org\webjars\npm\fullcalendar__daygrid\6.1.4\fullcalendar__daygrid-6.1.4.jar;C:\Users\aguas\.m2\repository\org\webjars\npm\fullcalendar__interaction\6.1.4\fullcalendar__interaction-6.1.4.jar;C:\Users\aguas\.m2\repository\com\google\code\gson\gson\2.10.1\gson-2.10.1.jar;"/>
    <property name="sun.cpu.endian" value="little"/>
    <property name="user.home" value="C:\Users\aguas"/>
    <property name="user.language" value="pt"/>
    <property name="java.specification.vendor" value="Oracle Corporation"/>
    <property name="java.version.date" value="2022-01-18"/>
    <property name="java.home" value="C:\Program Files\Java\jdk-17.0.2"/>
    <property name="file.separator" value="\"/>
    <property name="basedir" value="C:\Users\aguas\Desktop\ISCTE\3Ano\2Semestre\ES\LEI4-GrupoB"/>
    <property name="java.vm.compressedOopsMode" value="Zero based"/>
    <property name="line.separator" value="&#10;"/>
    <property name="java.vm.specification.vendor" value="Oracle Corporation"/>
    <property name="java.specification.name" value="Java Platform API Specification"/>
    <property name="surefire.real.class.path" value="C:\Users\aguas\AppData\Local\Temp\surefire10546834371536560012\surefirebooter6965935800555934601.jar"/>
    <property name="user.script" value=""/>
    <property name="sun.management.compiler" value="HotSpot 64-Bit Tiered Compilers"/>
    <property name="java.runtime.version" value="17.0.2+8-LTS-86"/>
    <property name="user.name" value="aguas"/>
    <property name="path.separator" value=";"/>
    <property name="os.version" value="10.0"/>
    <property name="java.runtime.name" value="Java(TM) SE Runtime Environment"/>
    <property name="file.encoding" value="Cp1252"/>
    <property name="java.vm.name" value="Java HotSpot(TM) 64-Bit Server VM"/>
    <property name="localRepository" value="C:\Users\aguas\.m2\repository"/>
    <property name="java.vendor.url.bug" value="https://bugreport.java.com/bugreport/"/>
    <property name="java.io.tmpdir" value="C:\Users\aguas\AppData\Local\Temp\"/>
    <property name="idea.version" value="2023.1.1"/>
    <property name="java.version" value="17.0.2"/>
    <property name="user.dir" value="C:\Users\aguas\Desktop\ISCTE\3Ano\2Semestre\ES\LEI4-GrupoB"/>
    <property name="os.arch" value="amd64"/>
    <property name="java.vm.specification.name" value="Java Virtual Machine Specification"/>
    <property name="sun.os.patch.level" value=""/>
    <property name="native.encoding" value="Cp1252"/>
    <property name="java.library.path" value="C:\Program Files\Java\jdk-17.0.2\bin;C:\WINDOWS\Sun\Java\bin;C:\WINDOWS\system32;C:\WINDOWS;C:\Program Files\Common Files\Oracle\Java\javapath;C:\Program Files (x86)\Common Files\Oracle\Java\javapath;C:\WINDOWS\system32;C:\WINDOWS;C:\WINDOWS\System32\Wbem;C:\WINDOWS\System32\WindowsPowerShell\v1.0\;C:\WINDOWS\System32\OpenSSH\;C:\Program Files (x86)\Intel\Intel(R) Management Engine Components\DAL;C:\Program Files\Intel\Intel(R) Management Engine Components\DAL;C:\Users\aguas\AppData\Local\Programs\Python\Python311;C:\Program Files\nodejs\;C:\Users\aguas\AppData\Local\Programs\Python\Python311\Scripts\;C:\Users\aguas\AppData\Local\Programs\Python\Python311\;C:\Users\aguas\AppData\Local\Programs\Python\Python311;C:\Users\aguas\AppData\Local\Microsoft\WindowsApps;C:\Users\aguas\AppData\Local\GitHubDesktop\bin;C:\Program Files\MongoDB\Server\6.0\bin;C:\Program Files\MongoDB\Tools\100\bin;C:\Program Files\MongoDB\mongosh-1.6.2-win32-x64\bin;C:\Users\aguas\AppData\Local\Programs\Microsoft VS Code\bin;C:\Users\aguas\AppData\Local\Programs\Git\cmd;C:\Users\aguas\AppData\Roaming\npm;C:\flutter_windows_3.7.12-stable\flutter\bin;C:\xampp\mysql\bin;;."/>
    <property name="java.vm.info" value="mixed mode, sharing"/>
    <property name="java.vendor" value="Oracle Corporation"/>
    <property name="java.vm.version" value="17.0.2+8-LTS-86"/>
    <property name="sun.io.unicode.encoding" value="UnicodeLittle"/>
    <property name="java.class.version" value="61.0"/>
  </properties>
  <testcase name="saveInCSV" classname="FileManagerTest" time="0.032"/>
  <testcase name="convertCSVtoJSON" classname="FileManagerTest" time="0.397"/>
</testsuite>