<?xml version="1.0" encoding="UTF-8"?>
<testsuite xmlns:xsi="http://www.w3.org/2001/XMLSchema-instance" xsi:noNamespaceSchemaLocation="https://maven.apache.org/surefire/maven-surefire-plugin/xsd/surefire-test-report.xsd" name="FileManagerTest" time="0.192" tests="4" errors="2" skipped="0" failures="0">
  <properties>
    <property name="java.specification.version" value="17"/>
    <property name="sun.cpu.isalist" value="amd64"/>
    <property name="sun.jnu.encoding" value="Cp1252"/>
    <property name="java.class.path" value="C:\Users\pedro\git\LEI4-GrupoB\target\test-classes;C:\Users\pedro\git\LEI4-GrupoB\target\classes;C:\Users\pedro\.m2\repository\junit\junit\3.8.1\junit-3.8.1.jar;C:\Users\pedro\.m2\repository\com\fasterxml\jackson\core\jackson-databind\2.14.2\jackson-databind-2.14.2.jar;C:\Users\pedro\.m2\repository\com\fasterxml\jackson\core\jackson-annotations\2.14.2\jackson-annotations-2.14.2.jar;C:\Users\pedro\.m2\repository\com\fasterxml\jackson\core\jackson-core\2.14.2\jackson-core-2.14.2.jar;C:\Users\pedro\.m2\repository\com\fasterxml\jackson\dataformat\jackson-dataformat-csv\2.14.2\jackson-dataformat-csv-2.14.2.jar;C:\Users\pedro\.m2\repository\com\opencsv\opencsv\5.7.1\opencsv-5.7.1.jar;C:\Users\pedro\.m2\repository\org\apache\commons\commons-lang3\3.12.0\commons-lang3-3.12.0.jar;C:\Users\pedro\.m2\repository\org\apache\commons\commons-text\1.10.0\commons-text-1.10.0.jar;C:\Users\pedro\.m2\repository\commons-beanutils\commons-beanutils\1.9.4\commons-beanutils-1.9.4.jar;C:\Users\pedro\.m2\repository\commons-logging\commons-logging\1.2\commons-logging-1.2.jar;C:\Users\pedro\.m2\repository\commons-collections\commons-collections\3.2.2\commons-collections-3.2.2.jar;C:\Users\pedro\.m2\repository\org\apache\commons\commons-collections4\4.4\commons-collections4-4.4.jar;C:\Users\pedro\.m2\repository\org\junit\jupiter\junit-jupiter\5.9.2\junit-jupiter-5.9.2.jar;C:\Users\pedro\.m2\repository\org\junit\jupiter\junit-jupiter-api\5.9.2\junit-jupiter-api-5.9.2.jar;C:\Users\pedro\.m2\repository\org\opentest4j\opentest4j\1.2.0\opentest4j-1.2.0.jar;C:\Users\pedro\.m2\repository\org\junit\platform\junit-platform-commons\1.9.2\junit-platform-commons-1.9.2.jar;C:\Users\pedro\.m2\repository\org\apiguardian\apiguardian-api\1.1.2\apiguardian-api-1.1.2.jar;C:\Users\pedro\.m2\repository\org\junit\jupiter\junit-jupiter-params\5.9.2\junit-jupiter-params-5.9.2.jar;C:\Users\pedro\.m2\repository\org\junit\jupiter\junit-jupiter-engine\5.9.2\junit-jupiter-engine-5.9.2.jar;C:\Users\pedro\.m2\repository\org\junit\platform\junit-platform-engine\1.9.2\junit-platform-engine-1.9.2.jar;C:\Users\pedro\.m2\repository\javax\servlet\javax.servlet-api\4.0.1\javax.servlet-api-4.0.1.jar;C:\Users\pedro\.m2\repository\org\webjars\npm\moment\2.29.4\moment-2.29.4.jar;C:\Users\pedro\.m2\repository\org\webjars\npm\fullcalendar\6.1.4\fullcalendar-6.1.4.jar;C:\Users\pedro\.m2\repository\org\webjars\npm\fullcalendar__multimonth\6.1.4\fullcalendar__multimonth-6.1.4.jar;C:\Users\pedro\.m2\repository\org\webjars\npm\fullcalendar__timegrid\6.1.4\fullcalendar__timegrid-6.1.4.jar;C:\Users\pedro\.m2\repository\org\webjars\npm\fullcalendar__list\6.1.4\fullcalendar__list-6.1.4.jar;C:\Users\pedro\.m2\repository\org\webjars\npm\fullcalendar__core\6.1.4\fullcalendar__core-6.1.4.jar;C:\Users\pedro\.m2\repository\org\webjars\npm\preact\10.11.3\preact-10.11.3.jar;C:\Users\pedro\.m2\repository\org\webjars\npm\fullcalendar__daygrid\6.1.4\fullcalendar__daygrid-6.1.4.jar;C:\Users\pedro\.m2\repository\org\webjars\npm\fullcalendar__interaction\6.1.4\fullcalendar__interaction-6.1.4.jar;C:\Users\pedro\.m2\repository\com\google\code\gson\gson\2.10.1\gson-2.10.1.jar;C:\Users\pedro\.m2\repository\org\webjars\jquery\3.6.4\jquery-3.6.4.jar;C:\Users\pedro\.m2\repository\org\mnode\ical4j\ical4j\3.0.27\ical4j-3.0.27.jar;C:\Users\pedro\.m2\repository\org\slf4j\slf4j-api\1.7.30\slf4j-api-1.7.30.jar;C:\Users\pedro\.m2\repository\commons-codec\commons-codec\1.11\commons-codec-1.11.jar;C:\Users\pedro\.m2\repository\com\sun\mail\javax.mail\1.6.2\javax.mail-1.6.2.jar;C:\Users\pedro\.m2\repository\javax\activation\activation\1.1\activation-1.1.jar;"/>
    <property name="java.vm.vendor" value="Oracle Corporation"/>
    <property name="sun.arch.data.model" value="64"/>
    <property name="user.variant" value=""/>
    <property name="java.vendor.url" value="https://java.oracle.com/"/>
    <property name="user.timezone" value="Europe/Lisbon"/>
    <property name="user.country.format" value="PT"/>
    <property name="os.name" value="Windows 10"/>
    <property name="java.vm.specification.version" value="17"/>
    <property name="sun.java.launcher" value="SUN_STANDARD"/>
    <property name="user.country" value="US"/>
    <property name="sun.boot.library.path" value="C:\Users\pedro\.jdks\openjdk-17.0.2\bin"/>
    <property name="sun.java.command" value="C:\Users\pedro\AppData\Local\Temp\surefire1127396320345861543\surefirebooter2268268496054135265.jar C:\Users\pedro\AppData\Local\Temp\surefire1127396320345861543 2023-05-07T21-52-59_246-jvmRun1 surefire4747846625636077514tmp surefire_017552875813801846359tmp"/>
    <property name="jdk.debug" value="release"/>
    <property name="surefire.test.class.path" value="C:\Users\pedro\git\LEI4-GrupoB\target\test-classes;C:\Users\pedro\git\LEI4-GrupoB\target\classes;C:\Users\pedro\.m2\repository\junit\junit\3.8.1\junit-3.8.1.jar;C:\Users\pedro\.m2\repository\com\fasterxml\jackson\core\jackson-databind\2.14.2\jackson-databind-2.14.2.jar;C:\Users\pedro\.m2\repository\com\fasterxml\jackson\core\jackson-annotations\2.14.2\jackson-annotations-2.14.2.jar;C:\Users\pedro\.m2\repository\com\fasterxml\jackson\core\jackson-core\2.14.2\jackson-core-2.14.2.jar;C:\Users\pedro\.m2\repository\com\fasterxml\jackson\dataformat\jackson-dataformat-csv\2.14.2\jackson-dataformat-csv-2.14.2.jar;C:\Users\pedro\.m2\repository\com\opencsv\opencsv\5.7.1\opencsv-5.7.1.jar;C:\Users\pedro\.m2\repository\org\apache\commons\commons-lang3\3.12.0\commons-lang3-3.12.0.jar;C:\Users\pedro\.m2\repository\org\apache\commons\commons-text\1.10.0\commons-text-1.10.0.jar;C:\Users\pedro\.m2\repository\commons-beanutils\commons-beanutils\1.9.4\commons-beanutils-1.9.4.jar;C:\Users\pedro\.m2\repository\commons-logging\commons-logging\1.2\commons-logging-1.2.jar;C:\Users\pedro\.m2\repository\commons-collections\commons-collections\3.2.2\commons-collections-3.2.2.jar;C:\Users\pedro\.m2\repository\org\apache\commons\commons-collections4\4.4\commons-collections4-4.4.jar;C:\Users\pedro\.m2\repository\org\junit\jupiter\junit-jupiter\5.9.2\junit-jupiter-5.9.2.jar;C:\Users\pedro\.m2\repository\org\junit\jupiter\junit-jupiter-api\5.9.2\junit-jupiter-api-5.9.2.jar;C:\Users\pedro\.m2\repository\org\opentest4j\opentest4j\1.2.0\opentest4j-1.2.0.jar;C:\Users\pedro\.m2\repository\org\junit\platform\junit-platform-commons\1.9.2\junit-platform-commons-1.9.2.jar;C:\Users\pedro\.m2\repository\org\apiguardian\apiguardian-api\1.1.2\apiguardian-api-1.1.2.jar;C:\Users\pedro\.m2\repository\org\junit\jupiter\junit-jupiter-params\5.9.2\junit-jupiter-params-5.9.2.jar;C:\Users\pedro\.m2\repository\org\junit\jupiter\junit-jupiter-engine\5.9.2\junit-jupiter-engine-5.9.2.jar;C:\Users\pedro\.m2\repository\org\junit\platform\junit-platform-engine\1.9.2\junit-platform-engine-1.9.2.jar;C:\Users\pedro\.m2\repository\javax\servlet\javax.servlet-api\4.0.1\javax.servlet-api-4.0.1.jar;C:\Users\pedro\.m2\repository\org\webjars\npm\moment\2.29.4\moment-2.29.4.jar;C:\Users\pedro\.m2\repository\org\webjars\npm\fullcalendar\6.1.4\fullcalendar-6.1.4.jar;C:\Users\pedro\.m2\repository\org\webjars\npm\fullcalendar__multimonth\6.1.4\fullcalendar__multimonth-6.1.4.jar;C:\Users\pedro\.m2\repository\org\webjars\npm\fullcalendar__timegrid\6.1.4\fullcalendar__timegrid-6.1.4.jar;C:\Users\pedro\.m2\repository\org\webjars\npm\fullcalendar__list\6.1.4\fullcalendar__list-6.1.4.jar;C:\Users\pedro\.m2\repository\org\webjars\npm\fullcalendar__core\6.1.4\fullcalendar__core-6.1.4.jar;C:\Users\pedro\.m2\repository\org\webjars\npm\preact\10.11.3\preact-10.11.3.jar;C:\Users\pedro\.m2\repository\org\webjars\npm\fullcalendar__daygrid\6.1.4\fullcalendar__daygrid-6.1.4.jar;C:\Users\pedro\.m2\repository\org\webjars\npm\fullcalendar__interaction\6.1.4\fullcalendar__interaction-6.1.4.jar;C:\Users\pedro\.m2\repository\com\google\code\gson\gson\2.10.1\gson-2.10.1.jar;C:\Users\pedro\.m2\repository\org\webjars\jquery\3.6.4\jquery-3.6.4.jar;C:\Users\pedro\.m2\repository\org\mnode\ical4j\ical4j\3.0.27\ical4j-3.0.27.jar;C:\Users\pedro\.m2\repository\org\slf4j\slf4j-api\1.7.30\slf4j-api-1.7.30.jar;C:\Users\pedro\.m2\repository\commons-codec\commons-codec\1.11\commons-codec-1.11.jar;C:\Users\pedro\.m2\repository\com\sun\mail\javax.mail\1.6.2\javax.mail-1.6.2.jar;C:\Users\pedro\.m2\repository\javax\activation\activation\1.1\activation-1.1.jar;"/>
    <property name="sun.cpu.endian" value="little"/>
    <property name="user.home" value="C:\Users\pedro"/>
    <property name="user.language" value="en"/>
    <property name="java.specification.vendor" value="Oracle Corporation"/>
    <property name="java.version.date" value="2022-01-18"/>
    <property name="java.home" value="C:\Users\pedro\.jdks\openjdk-17.0.2"/>
    <property name="file.separator" value="\"/>
    <property name="basedir" value="C:\Users\pedro\git\LEI4-GrupoB"/>
    <property name="java.vm.compressedOopsMode" value="Zero based"/>
    <property name="line.separator" value="&#10;"/>
    <property name="java.vm.specification.vendor" value="Oracle Corporation"/>
    <property name="java.specification.name" value="Java Platform API Specification"/>
    <property name="surefire.real.class.path" value="C:\Users\pedro\AppData\Local\Temp\surefire1127396320345861543\surefirebooter2268268496054135265.jar"/>
    <property name="user.script" value=""/>
    <property name="sun.management.compiler" value="HotSpot 64-Bit Tiered Compilers"/>
    <property name="java.runtime.version" value="17.0.2+8-86"/>
    <property name="user.name" value="pedro"/>
    <property name="path.separator" value=";"/>
    <property name="os.version" value="10.0"/>
    <property name="java.runtime.name" value="OpenJDK Runtime Environment"/>
    <property name="file.encoding" value="Cp1252"/>
    <property name="java.vm.name" value="OpenJDK 64-Bit Server VM"/>
    <property name="localRepository" value="C:\Users\pedro\.m2\repository"/>
    <property name="java.vendor.url.bug" value="https://bugreport.java.com/bugreport/"/>
    <property name="java.io.tmpdir" value="C:\Users\pedro\AppData\Local\Temp\"/>
    <property name="idea.version" value="2023.1.1"/>
    <property name="java.version" value="17.0.2"/>
    <property name="user.dir" value="C:\Users\pedro\git\LEI4-GrupoB"/>
    <property name="os.arch" value="amd64"/>
    <property name="java.vm.specification.name" value="Java Virtual Machine Specification"/>
    <property name="user.language.format" value="pt"/>
    <property name="sun.os.patch.level" value=""/>
    <property name="native.encoding" value="Cp1252"/>
    <property name="java.library.path" value="C:\Users\pedro\.jdks\openjdk-17.0.2\bin;C:\Windows\Sun\Java\bin;C:\Windows\system32;C:\Windows;C:\Program Files (x86)\Razer Chroma SDK\bin;C:\Program Files\Razer Chroma SDK\bin;C:\Program Files (x86)\Razer\ChromaBroadcast\bin;C:\Program Files\Razer\ChromaBroadcast\bin;C:\Program Files\Common Files\Oracle\Java\javapath;C:\Program Files\Java\jdk-11.0.2\bin;C:\Program Files (x86)\Common Files\Oracle\Java\javapath;C:\Windows\system32;C:\Windows;C:\Windows\System32\Wbem;C:\Windows\System32\WindowsPowerShell\v1.0\;C:\Windows\System32\OpenSSH\;C:\Program Files\Java\jdk-11.0.9\bin;C:\Program Files (x86)\scala\bin;C:\Program Files (x86)\sbt\bin;C:\Program Files\dotnet\;C:\Program Files\Microsoft SQL Server\150\Tools\Binn\;C:\Windows\system32\config\systemprofile\AppData\Local\Microsoft\WindowsApps;C:\Users\pedro\AppData\Local\Microsoft\WindowsApps;C:\Users\pedro\AppData\Local\Programs\Microsoft VS Code\bin;C:\Program Files\JetBrains\IntelliJ IDEA 2021.3.2\bin;C:\Users\pedro\AppData\Local\GitHubDesktop\bin;C:\Users\pedro\.dotnet\tools;C:\Program Files\Git LFS;C:\Program Files (x86)\NVIDIA Corporation\PhysX\Common;C:\Program Files\IDM Computer Solutions\UltraEdit;C:\Program Files\TortoiseGit\bin;C:\Program Files\Git\cmd;C:\Users\pedro\AppData\Local\Microsoft\WindowsApps;C:\Users\pedro\AppData\Local\Programs\Microsoft VS Code\bin;C:\Program Files\JetBrains\IntelliJ IDEA 2021.3.2\bin;;C:\Users\pedro\AppData\Local\GitHubDesktop\bin;C:\Users\pedro\.dotnet\tools;C:\Users\pedro\AppData\Local\Programs\Python\Python310\Scripts;C:\Users\pedro\AppData\Local\Programs\Python\Python310;C:\Users\pedro\AppData\Local\Packages\PythonSoftwareFoundation.Python.3.10_qbz5n2kfra8p0\LocalCache\local-packages\Python310\Scripts;C:\Program Files\MongoDB\Server\6.0\bin;C:\Program Files\MongoDB\mongosh-1.6.2-win32-x64\bin;;."/>
    <property name="java.vm.info" value="mixed mode, sharing"/>
    <property name="java.vendor" value="Oracle Corporation"/>
    <property name="java.vm.version" value="17.0.2+8-86"/>
    <property name="sun.io.unicode.encoding" value="UnicodeLittle"/>
    <property name="java.class.version" value="61.0"/>
  </properties>
  <testcase name="convertJSONtoCSV" classname="FileManagerTest" time="0.152">
    <error message="java.nio.charset.MalformedInputException: Input length = 1" type="java.lang.RuntimeException">java.lang.RuntimeException: java.nio.charset.MalformedInputException: Input length = 1
	at FileManagerTest.convertJSONtoCSV(FileManagerTest.java:68)
Caused by: java.nio.charset.MalformedInputException: Input length = 1
	at FileManagerTest.convertJSONtoCSV(FileManagerTest.java:66)
</error>
  </testcase>
  <testcase name="saveInCSV" classname="FileManagerTest" time="0.001"/>
  <testcase name="saveInJSONTest" classname="FileManagerTest" time="0.006">
    <error message="java.lang.Exception: Erro a ler ficheiro JSON validtest.json, Cannot invoke &quot;String.isEmpty()&quot; because the return value of &quot;java.util.Map.get(Object)&quot; is null" type="java.lang.RuntimeException">java.lang.RuntimeException: java.lang.Exception: Erro a ler ficheiro JSON validtest.json, Cannot invoke "String.isEmpty()" because the return value of "java.util.Map.get(Object)" is null
	at FileManagerTest.saveInJSONTest(FileManagerTest.java:86)
Caused by: java.lang.Exception: Erro a ler ficheiro JSON validtest.json, Cannot invoke "String.isEmpty()" because the return value of "java.util.Map.get(Object)" is null
	at FileManagerTest.saveInJSONTest(FileManagerTest.java:84)
</error>
  </testcase>
  <testcase name="convertCSVtoJSON" classname="FileManagerTest" time="0.033"/>
</testsuite>